<?xml version="1.0" encoding="UTF-8"?>
<!-- Generated by org.testng.reporters.JUnitXMLReporter -->
<testsuite hostname="DESKTOP-D6E6O6F" ignored="0" name="test" tests="1" failures="0" timestamp="2020-10-16T14:36:25 EET" time="0.797" errors="0">
  <testcase name="@BeforeMethod initalization" time="0.047" classname="com.jiracreate.tests.TestBase">
    <failure type="java.lang.IllegalStateException" message="The driver executable does not exist: C:\Users\sony\Documents\project\create-view-issue-using-selenium-webdriver\chromepath">
      <![CDATA[java.lang.IllegalStateException: The driver executable does not exist: C:\Users\sony\Documents\project\create-view-issue-using-selenium-webdriver\chromepath
at com.google.common.base.Preconditions.checkState(Preconditions.java:585)
at org.openqa.selenium.remote.service.DriverService.checkExecutable(DriverService.java:137)
at org.openqa.selenium.remote.service.DriverService.findExecutable(DriverService.java:132)
at org.openqa.selenium.chrome.ChromeDriverService.access$000(ChromeDriverService.java:35)
at org.openqa.selenium.chrome.ChromeDriverService$Builder.findDefaultExecutable(ChromeDriverService.java:156)
at org.openqa.selenium.remote.service.DriverService$Builder.build(DriverService.java:346)
at org.openqa.selenium.chrome.ChromeDriverService.createDefaultService(ChromeDriverService.java:91)
at org.openqa.selenium.chrome.ChromeDriver.<init>(ChromeDriver.java:123)
at com.jiracreate.tests.TestBase.initalization(TestBase.java:45)
at java.util.ArrayList.forEach(ArrayList.java:1249)
... Removed 31 stack frames]]>
    </failure>
  </testcase> <!-- @BeforeMethod initalization -->
  <testcase name="createissue" time="0.0" classname="com.jiracreate.tests.CreateissueTest">
    <skipped/>
  </testcase> <!-- createissue -->
</testsuite> <!-- test -->
